<?xml version="1.0" encoding="UTF-8"?>
<!-- Generated by org.testng.reporters.JUnitReportReporter -->
<testsuite hostname="DESKTOP-BA5VJKN" failures="0" tests="1" name="Test_cases.Test_Login_pagef" time="2.202" errors="0" timestamp="2024-08-10T11:42:30 IST" skipped="0">
  <testcase classname="Test_cases.Test_Login_pagef" name="Testlogin" time="2.202"/>
  <system-out/>
</testsuite> <!-- Test_cases.Test_Login_pagef -->
