<?xml version="1.0" encoding="UTF-8"?>
<!-- Generated by org.testng.reporters.JUnitReportReporter -->
<testsuite hostname="DESKTOP-BA5VJKN" failures="0" tests="2" name="Test_cases.Test_Add_Project" time="7.396" errors="0" timestamp="2024-08-10T12:27:37 IST" skipped="0">
  <testcase classname="Test_cases.Test_Add_Project" name="Testlogin" time="5.383"/>
  <system-out>
    <![CDATA[<br><img src='./test/reports/screenshots/Testlogin_2024-08-10_12-27-35.png' height='400' width='700'/><br>]]>
  </system-out>
  <testcase classname="Test_cases.Test_Add_Project" name="Test_product" time="2.013"/>
  <system-out>
    <![CDATA[<br><img src='./test/reports/screenshots/Addproduct_2024-08-10_12-27-36.png' height='400' width='700'/><br>]]>
  </system-out>
</testsuite> <!-- Test_cases.Test_Add_Project -->
